<?xml version="1.0" encoding="UTF-8"?>
<!-- Generated by org.testng.reporters.JUnitXMLReporter -->
<testsuite ignored="0" hostname="DESKTOP-8PKKUJ3" failures="2" tests="2" name="Test" time="51.863" errors="0" timestamp="10 Mar 2021 02:31:52 GMT">
  <testcase classname="cucumber.api.testng.AbstractTestNGCucumberTests" name="feature" time="0.436">
    <failure type="cucumber.runtime.CucumberException" message="java.lang.NullPointerException">
      <![CDATA[cucumber.runtime.CucumberException: java.lang.NullPointerException
at cucumber.api.testng.TestNGCucumberRunner.runCucumber(TestNGCucumberRunner.java:69)
at cucumber.api.testng.AbstractTestNGCucumberTests.feature(AbstractTestNGCucumberTests.java:21)
Caused by: java.lang.NullPointerException
at org.openqa.selenium.support.pagefactory.DefaultElementLocator.findElement(DefaultElementLocator.java:69)
at org.openqa.selenium.support.pagefactory.internal.LocatingElementHandler.invoke(LocatingElementHandler.java:38)
at com.sun.proxy.$Proxy22.click(Unknown Source)
at pom.SkipSignin.Click_SkipSignin(SkipSignin.java:20)
at stepdefinitions.Stepdefinition2.Click_SkipSignin(Stepdefinition2.java:14)
at âœ½.Given User click on Skip Sign in in demo automation site(Mandatoryfieldsindemosite.feature:5)
... Removed 25 stack frames]]>
    </failure>
  </testcase> <!-- feature -->
  <testcase classname="cucumber.api.testng.AbstractTestNGCucumberTests" name="feature" time="50.691">
    <failure type="cucumber.runtime.CucumberException" message="org.openqa.selenium.SessionNotCreatedException: session not created
from disconnected: received Inspector.detached event
  (Session info: chrome=88.0.4324.190)
Build info: version: &amp;apos;3.141.59&amp;apos;, revision: &amp;apos;e82be7d358&amp;apos;, time: &amp;apos;2018-11-14T08:17:03&amp;apos;
System info: host: &amp;apos;DESKTOP-8PKKUJ3&amp;apos;, ip: &amp;apos;192.168.43.23&amp;apos;, os.name: &amp;apos;Windows 10&amp;apos;, os.arch: &amp;apos;amd64&amp;apos;, os.version: &amp;apos;10.0&amp;apos;, java.version: &amp;apos;11.0.8&amp;apos;
Driver info: driver.version: ChromeDriver
remote stacktrace: Backtrace:
	Ordinal0 [0x00D0C0C3+3326147]
	Ordinal0 [0x00BF0851+2164817]
	Ordinal0 [0x00A77298+619160]
	Ordinal0 [0x00A6BD04+572676]
	Ordinal0 [0x00A6BA18+571928]
	Ordinal0 [0x00A6B0C1+569537]
	Ordinal0 [0x00A6A421+566305]
	Ordinal0 [0x00A6A815+567317]
	Ordinal0 [0x00A6A135+565557]
	Ordinal0 [0x00A738B1+604337]
	Ordinal0 [0x00A6A0F1+565489]
	Ordinal0 [0x00A6AEA2+568994]
	Ordinal0 [0x00A6A421+566305]
	Ordinal0 [0x00A6A815+567317]
	Ordinal0 [0x00A6A135+565557]
	Ordinal0 [0x00A71D2C+597292]
	Ordinal0 [0x00A6A0F1+565489]
	Ordinal0 [0x00A6AEA2+568994]
	Ordinal0 [0x00A6A421+566305]
	Ordinal0 [0x00A6A815+567317]
	Ordinal0 [0x00A6A135+565557]
	Ordinal0 [0x00A6FE62+589410]
	Ordinal0 [0x00A6A0F1+565489]
	Ordinal0 [0x00A6AEA2+568994]
	Ordinal0 [0x00A6A421+566305]
	Ordinal0 [0x00A6A815+567317]
	Ordinal0 [0x00A6A135+565557]
	Ordinal0 [0x00A6F075+585845]
	Ordinal0 [0x00A6A0F1+565489]
	Ordinal0 [0x00A6AEA2+568994]
	Ordinal0 [0x00A6A421+566305]
	Ordinal0 [0x00A6A815+567317]
	Ordinal0 [0x00A6A135+565557]
	Ordinal0 [0x00A66776+550774]
	Ordinal0 [0x00A6A0F1+565489]
	Ordinal0 [0x00A69F13+565011]
	Ordinal0 [0x00A69D07+564487]
	Ordinal0 [0x00A782C0+623296]
	Ordinal0 [0x00A16BDD+224221]
	Ordinal0 [0x00A15CAC+220332]
	Ordinal0 [0x00A1189B+202907]
	Ordinal0 [0x009F3DF4+81396]
	Ordinal0 [0x009F4DEE+85486]
	Ordinal0 [0x009F4D79+85369]
	Ordinal0 [0x00C085DC+2262492]
	GetHandleVerifier [0x00E92874+1487204]
	GetHandleVerifier [0x00E923CD+1486013]
	GetHandleVerifier [0x00E9A368+1518680]
	GetHandleVerifier [0x00E92F4E+1488958]
	Ordinal0 [0x00BFED0D+2223373]
	Ordinal0 [0x00C0A12B+2269483]
	Ordinal0 [0x00C0A26F+2269807]
	Ordinal0 [0x00C1ECB8+2354360]
	BaseThreadInitThunk [0x755E6359+25]
	RtlGetAppContainerNamedObjectPath [0x77348944+228]
	RtlGetAppContainerNamedObjectPath [0x77348914+180]
">
      <![CDATA[cucumber.runtime.CucumberException: org.openqa.selenium.SessionNotCreatedException: session not created
from disconnected: received Inspector.detached event
  (Session info: chrome=88.0.4324.190)
Build info: version: '3.141.59', revision: 'e82be7d358', time: '2018-11-14T08:17:03'
System info: host: 'DESKTOP-8PKKUJ3', ip: '192.168.43.23', os.name: 'Windows 10', os.arch: 'amd64', os.version: '10.0', java.version: '11.0.8'
Driver info: driver.version: ChromeDriver
remote stacktrace: Backtrace:
Ordinal0 [0x00D0C0C3+3326147]
Ordinal0 [0x00BF0851+2164817]
Ordinal0 [0x00A77298+619160]
Ordinal0 [0x00A6BD04+572676]
Ordinal0 [0x00A6BA18+571928]
Ordinal0 [0x00A6B0C1+569537]
Ordinal0 [0x00A6A421+566305]
Ordinal0 [0x00A6A815+567317]
Ordinal0 [0x00A6A135+565557]
Ordinal0 [0x00A738B1+604337]
Ordinal0 [0x00A6A0F1+565489]
Ordinal0 [0x00A6AEA2+568994]
Ordinal0 [0x00A6A421+566305]
Ordinal0 [0x00A6A815+567317]
Ordinal0 [0x00A6A135+565557]
Ordinal0 [0x00A71D2C+597292]
Ordinal0 [0x00A6A0F1+565489]
Ordinal0 [0x00A6AEA2+568994]
Ordinal0 [0x00A6A421+566305]
Ordinal0 [0x00A6A815+567317]
Ordinal0 [0x00A6A135+565557]
Ordinal0 [0x00A6FE62+589410]
Ordinal0 [0x00A6A0F1+565489]
Ordinal0 [0x00A6AEA2+568994]
Ordinal0 [0x00A6A421+566305]
Ordinal0 [0x00A6A815+567317]
Ordinal0 [0x00A6A135+565557]
Ordinal0 [0x00A6F075+585845]
Ordinal0 [0x00A6A0F1+565489]
Ordinal0 [0x00A6AEA2+568994]
Ordinal0 [0x00A6A421+566305]
Ordinal0 [0x00A6A815+567317]
Ordinal0 [0x00A6A135+565557]
Ordinal0 [0x00A66776+550774]
Ordinal0 [0x00A6A0F1+565489]
Ordinal0 [0x00A69F13+565011]
Ordinal0 [0x00A69D07+564487]
Ordinal0 [0x00A782C0+623296]
Ordinal0 [0x00A16BDD+224221]
Ordinal0 [0x00A15CAC+220332]
Ordinal0 [0x00A1189B+202907]
Ordinal0 [0x009F3DF4+81396]
Ordinal0 [0x009F4DEE+85486]
Ordinal0 [0x009F4D79+85369]
Ordinal0 [0x00C085DC+2262492]
GetHandleVerifier [0x00E92874+1487204]
GetHandleVerifier [0x00E923CD+1486013]
GetHandleVerifier [0x00E9A368+1518680]
GetHandleVerifier [0x00E92F4E+1488958]
Ordinal0 [0x00BFED0D+2223373]
Ordinal0 [0x00C0A12B+2269483]
Ordinal0 [0x00C0A26F+2269807]
Ordinal0 [0x00C1ECB8+2354360]
BaseThreadInitThunk [0x755E6359+25]
RtlGetAppContainerNamedObjectPath [0x77348944+228]
RtlGetAppContainerNamedObjectPath [0x77348914+180]

at cucumber.api.testng.TestNGCucumberRunner.runCucumber(TestNGCucumberRunner.java:69)
at cucumber.api.testng.AbstractTestNGCucumberTests.feature(AbstractTestNGCucumberTests.java:21)
Caused by: org.openqa.selenium.SessionNotCreatedException: session not created
from disconnected: received Inspector.detached event
  (Session info: chrome=88.0.4324.190)
Build info: version: '3.141.59', revision: 'e82be7d358', time: '2018-11-14T08:17:03'
System info: host: 'DESKTOP-8PKKUJ3', ip: '192.168.43.23', os.name: 'Windows 10', os.arch: 'amd64', os.version: '10.0', java.version: '11.0.8'
Driver info: driver.version: ChromeDriver
remote stacktrace: Backtrace:
Ordinal0 [0x00D0C0C3+3326147]
Ordinal0 [0x00BF0851+2164817]
Ordinal0 [0x00A77298+619160]
Ordinal0 [0x00A6BD04+572676]
Ordinal0 [0x00A6BA18+571928]
Ordinal0 [0x00A6B0C1+569537]
Ordinal0 [0x00A6A421+566305]
Ordinal0 [0x00A6A815+567317]
Ordinal0 [0x00A6A135+565557]
Ordinal0 [0x00A738B1+604337]
Ordinal0 [0x00A6A0F1+565489]
Ordinal0 [0x00A6AEA2+568994]
Ordinal0 [0x00A6A421+566305]
Ordinal0 [0x00A6A815+567317]
Ordinal0 [0x00A6A135+565557]
Ordinal0 [0x00A71D2C+597292]
Ordinal0 [0x00A6A0F1+565489]
Ordinal0 [0x00A6AEA2+568994]
Ordinal0 [0x00A6A421+566305]
Ordinal0 [0x00A6A815+567317]
Ordinal0 [0x00A6A135+565557]
Ordinal0 [0x00A6FE62+589410]
Ordinal0 [0x00A6A0F1+565489]
Ordinal0 [0x00A6AEA2+568994]
Ordinal0 [0x00A6A421+566305]
Ordinal0 [0x00A6A815+567317]
Ordinal0 [0x00A6A135+565557]
Ordinal0 [0x00A6F075+585845]
Ordinal0 [0x00A6A0F1+565489]
Ordinal0 [0x00A6AEA2+568994]
Ordinal0 [0x00A6A421+566305]
Ordinal0 [0x00A6A815+567317]
Ordinal0 [0x00A6A135+565557]
Ordinal0 [0x00A66776+550774]
Ordinal0 [0x00A6A0F1+565489]
Ordinal0 [0x00A69F13+565011]
Ordinal0 [0x00A69D07+564487]
Ordinal0 [0x00A782C0+623296]
Ordinal0 [0x00A16BDD+224221]
Ordinal0 [0x00A15CAC+220332]
Ordinal0 [0x00A1189B+202907]
Ordinal0 [0x009F3DF4+81396]
Ordinal0 [0x009F4DEE+85486]
Ordinal0 [0x009F4D79+85369]
Ordinal0 [0x00C085DC+2262492]
GetHandleVerifier [0x00E92874+1487204]
GetHandleVerifier [0x00E923CD+1486013]
GetHandleVerifier [0x00E9A368+1518680]
GetHandleVerifier [0x00E92F4E+1488958]
Ordinal0 [0x00BFED0D+2223373]
Ordinal0 [0x00C0A12B+2269483]
Ordinal0 [0x00C0A26F+2269807]
Ordinal0 [0x00C1ECB8+2354360]
BaseThreadInitThunk [0x755E6359+25]
RtlGetAppContainerNamedObjectPath [0x77348944+228]
RtlGetAppContainerNamedObjectPath [0x77348914+180]

at org.openqa.selenium.remote.W3CHandshakeResponse.lambda$errorHandler$0(W3CHandshakeResponse.java:62)
at org.openqa.selenium.remote.HandshakeResponse.lambda$getResponseFunction$0(HandshakeResponse.java:30)
at org.openqa.selenium.remote.ProtocolHandshake.lambda$createSession$0(ProtocolHandshake.java:126)
at java.base/java.util.stream.ReferencePipeline$3$1.accept(ReferencePipeline.java:195)
at java.base/java.util.Spliterators$ArraySpliterator.tryAdvance(Spliterators.java:958)
at java.base/java.util.stream.ReferencePipeline.forEachWithCancel(ReferencePipeline.java:127)
at java.base/java.util.stream.AbstractPipeline.copyIntoWithCancel(AbstractPipeline.java:502)
at java.base/java.util.stream.AbstractPipeline.copyInto(AbstractPipeline.java:488)
at java.base/java.util.stream.AbstractPipeline.wrapAndCopyInto(AbstractPipeline.java:474)
at java.base/java.util.stream.FindOps$FindOp.evaluateSequential(FindOps.java:150)
at java.base/java.util.stream.AbstractPipeline.evaluate(AbstractPipeline.java:234)
at java.base/java.util.stream.ReferencePipeline.findFirst(ReferencePipeline.java:543)
at org.openqa.selenium.remote.ProtocolHandshake.createSession(ProtocolHandshake.java:128)
at org.openqa.selenium.remote.ProtocolHandshake.createSession(ProtocolHandshake.java:74)
at org.openqa.selenium.remote.HttpCommandExecutor.execute(HttpCommandExecutor.java:136)
at org.openqa.selenium.remote.service.DriverCommandExecutor.execute(DriverCommandExecutor.java:83)
at org.openqa.selenium.remote.RemoteWebDriver.execute(RemoteWebDriver.java:552)
at org.openqa.selenium.remote.RemoteWebDriver.startSession(RemoteWebDriver.java:213)
at org.openqa.selenium.remote.RemoteWebDriver.<init>(RemoteWebDriver.java:131)
at org.openqa.selenium.chrome.ChromeDriver.<init>(ChromeDriver.java:181)
at org.openqa.selenium.chrome.ChromeDriver.<init>(ChromeDriver.java:168)
at org.openqa.selenium.chrome.ChromeDriver.<init>(ChromeDriver.java:123)
at stepdefinitions.Stepdefinition.launchapplication(Stepdefinition.java:17)
at âœ½.Given I launch the application(ValidLogin.feature:5)
... Removed 29 stack frames]]>
    </failure>
  </testcase> <!-- feature -->
</testsuite> <!-- Test -->
